<?xml version="1.0" encoding="UTF-8"?>
<!-- Generated by org.testng.reporters.JUnitReportReporter -->
<testsuite hostname="ShrutiLaptop" name="JavaWebDriver.switchWindows" tests="1" failures="0" timestamp="19 Apr 2018 09:54:41 GMT" time="21.572" errors="0">
  <testcase name="test1" time="21.572" classname="JavaWebDriver.switchWindows"/>
</testsuite> <!-- JavaWebDriver.switchWindows -->
